[INFO ] 2023-12-18 22:23:18,028 base.baseclass:28 - Test Start
[INFO ] 2023-12-18 22:23:41,973 base.baseclass:32 - https://www.livemint.com/technology/gadgets/best-washing-machine-in-india-choose-from-top-10-for-september-2023-11694413163545.html
[INFO ] 2023-12-18 22:23:42,007 base.baseclass:32 - https://www.livemint.com/technology/gadgets/best-washing-machine-in-india-choose-from-top-10-for-september-2023-11694413163545.html
[INFO ] 2023-12-18 22:23:42,029 base.baseclass:32 - https://www.livemint.com/technology/gadgets/top-10-washing-machines-online-at-best-prices-in-october-2023-11696403641171.html#:~:text=Ans%20%3A%20Samsung%2C%20Panasonic%2C%20LG,with%20a%20larger%20price%20segment.
[INFO ] 2023-12-18 22:23:42,052 base.baseclass:32 - https://www.bestproducts.com/appliances/a13938132/reviews-front-and-top-loading-washing-machines/#:~:text=What%20brand%20of%20washing%20machine,in%20terms%20of%20customer%20satisfaction.
[INFO ] 2023-12-18 22:23:42,076 base.baseclass:32 - https://www.hindustantimes.com/technology/best-washing-machine-in-india-top-10-options-of-september-2023-to-consider-101694759979554.html
[INFO ] 2023-12-18 22:23:42,099 base.baseclass:32 - https://www.whirlpool.com/blog/washers-and-dryers/impeller-vs-agitator.html#:~:text=A%20washing%20machine%20with%20an%20impeller%20uses%20less%20motion%20and,a%20gentle%2C%20yet%20thorough%20clean.
[INFO ] 2023-12-18 22:23:42,120 base.baseclass:32 - https://economictimes.indiatimes.com/top-trending-products/major-appliances/washing-machine/best-selling-washing-machines-get-effortless-laundry-with-the-top-selling-washers/articleshow/104134992.cms
[INFO ] 2023-12-18 22:23:42,141 base.baseclass:32 - https://economictimes.indiatimes.com/top-trending-products/major-appliances/washing-machine/best-selling-washing-machines-get-effortless-laundry-with-the-top-selling-washers/articleshow/104134992.cms
[INFO ] 2023-12-18 22:23:42,163 base.baseclass:32 - https://www.hindustantimes.com/technology/best-washing-machine-in-india-2023-top-picks-of-september-101695083986471.html
[INFO ] 2023-12-18 22:23:42,186 base.baseclass:32 - https://www.hindustantimes.com/technology/best-washing-machine-in-india-2023-top-picks-of-september-101695083986471.html
[INFO ] 2023-12-18 22:23:42,207 base.baseclass:32 - https://www.goodhousekeeping.com/appliances/washer-reviews/g105/washing-machine-reviews/
[INFO ] 2023-12-18 22:23:42,228 base.baseclass:32 - https://www.goodhousekeeping.com/appliances/washer-reviews/g105/washing-machine-reviews/
[INFO ] 2023-12-18 22:23:42,247 base.baseclass:32 - https://www.hindustantimes.com/technology/best-washing-machine-in-india-2023-top-10-choices-101694497087084.html
[INFO ] 2023-12-18 22:23:42,267 base.baseclass:32 - https://www.hindustantimes.com/technology/best-washing-machine-in-india-2023-top-10-choices-101694497087084.html
[INFO ] 2023-12-18 22:23:42,288 base.baseclass:32 - https://www.gadgets360.com/home-appliances/fully-automatic-washing-machine
[INFO ] 2023-12-18 22:23:42,308 base.baseclass:32 - https://www.gadgets360.com/home-appliances/fully-automatic-washing-machine
[INFO ] 2023-12-18 22:23:42,328 base.baseclass:32 - https://www.newindianexpress.com/expressdeals/appliances/best-washing-machines-in-india/570.html
[INFO ] 2023-12-18 22:23:42,349 base.baseclass:32 - https://www.newindianexpress.com/expressdeals/appliances/best-washing-machines-in-india/570.html
[INFO ] 2023-12-18 22:23:42,375 base.baseclass:32 - https://www.amazon.in/Best-Washing-Machine/s?k=Best+Washing+Machine
[INFO ] 2023-12-18 22:23:42,398 base.baseclass:32 - https://www.amazon.in/Best-Washing-Machine/s?k=Best+Washing+Machine
[INFO ] 2023-12-18 22:23:42,419 base.baseclass:32 - https://www.lg.com/in/washing-machines
[INFO ] 2023-12-18 22:23:42,439 base.baseclass:32 - https://www.lg.com/in/washing-machines
[INFO ] 2023-12-18 22:23:42,459 base.baseclass:32 - https://timesofindia.indiatimes.com/most-searched-products/electronics/washing-machine/best-washing-machine-in-india-across-types-and-budget-for-all-indian-users/articleshow/101668318.cms
[INFO ] 2023-12-18 22:23:42,479 base.baseclass:32 - https://timesofindia.indiatimes.com/most-searched-products/electronics/washing-machine/best-washing-machine-in-india-across-types-and-budget-for-all-indian-users/articleshow/101668318.cms
[INFO ] 2023-12-18 22:23:42,501 base.baseclass:32 - https://www.flipkart.com/washing-machines/~best-washing-machine-under-rs15000-/pr?sid=j9e,abm,8qx
[INFO ] 2023-12-18 22:23:42,525 base.baseclass:32 - https://www.flipkart.com/washing-machines/~best-washing-machine-under-rs15000-/pr?sid=j9e,abm,8qx
[INFO ] 2023-12-18 22:23:42,545 base.baseclass:32 - https://www.outlookindia.com/whats-hot/best-washing-machines-in-india-news-295960
[INFO ] 2023-12-18 22:23:42,566 base.baseclass:32 - https://www.outlookindia.com/whats-hot/best-washing-machines-in-india-news-295960
[INFO ] 2023-12-18 22:23:42,587 base.baseclass:32 - https://www.gopaysense.com/blog/best-washing-machines-in-india/
[INFO ] 2023-12-18 22:23:42,609 base.baseclass:32 - https://www.gopaysense.com/blog/best-washing-machines-in-india/
[INFO ] 2023-12-18 22:23:42,631 base.baseclass:32 - https://www.whirlpoolindia.com/washing-machines/top-load-washing-machines
[INFO ] 2023-12-18 22:23:42,653 base.baseclass:32 - https://www.bajajfinserv.in/insights/best-washing-machine-in-india
[INFO ] 2023-12-18 22:23:42,675 base.baseclass:32 - https://www.bajajfinserv.in/insights/best-washing-machine-in-india
[INFO ] 2023-12-18 22:23:42,695 base.baseclass:32 - https://www.myg.in/washing-machines/
[INFO ] 2023-12-18 22:23:42,714 base.baseclass:32 - https://www.myg.in/washing-machines/
[INFO ] 2023-12-18 22:23:42,737 base.baseclass:32 - https://www.croma.com/lp-buying-guide/washing-machine
[INFO ] 2023-12-18 22:23:42,757 base.baseclass:32 - https://www.croma.com/lp-buying-guide/washing-machine
[INFO ] 2023-12-18 22:23:42,778 base.baseclass:32 - https://www.quora.com/Which-is-the-best-washing-machine-in-India-in-2023
[INFO ] 2023-12-18 22:23:42,813 base.baseclass:32 - https://www.quora.com/Which-is-the-best-washing-machine-in-India-in-2023?top_ans=143124098
[INFO ] 2023-12-18 22:23:42,832 base.baseclass:32 - https://www.reliancedigital.in/washing-machines/c/S101518
[INFO ] 2023-12-18 22:23:42,853 base.baseclass:32 - https://www.moglix.com/articles/best-washing-machine-brands-available-in-india
[INFO ] 2023-12-18 22:23:42,876 base.baseclass:32 - https://www.greateasternretail.com/shop/washing-machine/
[INFO ] 2023-12-18 22:23:42,895 base.baseclass:32 - https://www.ariel.in/en-in/washing-machine-101/your-guide-to-washing-machines/best-washing-machine-for-you
[INFO ] 2023-12-18 22:23:42,915 base.baseclass:32 - https://www.ariel.in/en-in/washing-machine-101/your-guide-to-washing-machines/best-washing-machine-for-you
[INFO ] 2023-12-18 22:23:42,935 base.baseclass:32 - https://www.herzindagi.com/top-deals/washing-machine/best-washing-machine-in-india-september-2023-an-array-from-brands-like-lg-whirlpool-and-more-article-246739
[INFO ] 2023-12-18 22:23:42,957 base.baseclass:32 - https://www.herzindagi.com/top-deals/washing-machine/best-washing-machine-in-india-september-2023-an-array-from-brands-like-lg-whirlpool-and-more-article-246739
[INFO ] 2023-12-18 22:23:42,980 base.baseclass:32 - https://www.jagran.com/top-deals/electronics/washing-machine-best-washing-machines-with-dryers-clean-clothes-without-the-worry-of-drying-23203290.html
[INFO ] 2023-12-18 22:23:43,001 base.baseclass:32 - https://translate.google.com/translate?hl=en&sl=hi&u=https://www.jagran.com/top-deals/electronics/washing-machine-best-washing-machines-with-dryers-clean-clothes-without-the-worry-of-drying-23203290.html&prev=search&pto=aue
[INFO ] 2023-12-18 22:23:43,021 base.baseclass:32 - https://www.jagran.com/top-deals/electronics/washing-machine-best-washing-machines-with-dryers-clean-clothes-without-the-worry-of-drying-23203290.html
[INFO ] 2023-12-18 22:23:43,040 base.baseclass:32 - https://www.nytimes.com/wirecutter/reviews/the-best-washer-and-dryer/
[INFO ] 2023-12-18 22:23:43,060 base.baseclass:32 - https://www.nytimes.com/wirecutter/reviews/the-best-washer-and-dryer/
[INFO ] 2023-12-18 22:23:43,079 base.baseclass:32 - https://www.91mobiles.com/washing-machines
[INFO ] 2023-12-18 22:23:43,098 base.baseclass:32 - https://jamesandco.in/collections/washing-machine
[INFO ] 2023-12-18 22:23:43,116 base.baseclass:32 - https://www.businessinsider.in/insider-reviews/best-5-star-rated-top-load-washing-machines-in-india/articleshow/85583031.cms
[INFO ] 2023-12-18 22:23:43,135 base.baseclass:32 - https://www.cashify.in/best-washing-machines-in-india
[INFO ] 2023-12-18 22:23:43,152 base.baseclass:32 - https://www.cashify.in/best-washing-machines-in-india
[INFO ] 2023-12-18 22:23:43,171 base.baseclass:32 - https://www.midea.com/in/washing-machines
[INFO ] 2023-12-18 22:23:43,190 base.baseclass:32 - https://www.midea.com/in/washing-machines
[INFO ] 2023-12-18 22:23:43,208 base.baseclass:32 - https://nandilathgmart.com/product-category/washing-machine/
[INFO ] 2023-12-18 22:23:43,228 base.baseclass:32 - https://www.popsci.com/gear/best-washing-machines/
[INFO ] 2023-12-18 22:23:43,246 base.baseclass:32 - https://www.gadgetsnow.com/compare-washingmachine
[INFO ] 2023-12-18 22:23:43,264 base.baseclass:32 - https://vmone.in/best-front-load-washing-machines-2022/
[INFO ] 2023-12-18 22:23:43,284 base.baseclass:32 - https://www.mylloyd.com/washing-machines
[INFO ] 2023-12-18 22:23:43,302 base.baseclass:32 - https://www.ifbappliances.com/products/laundry/washing-machine/top-loader
[INFO ] 2023-12-18 22:23:43,320 base.baseclass:32 - https://www.consumerreports.org/appliances/washing-machines/buying-guide/
[INFO ] 2023-12-18 22:23:43,338 base.baseclass:32 - https://homeherald.in/reviews/best-washing-machine/
[INFO ] 2023-12-18 22:23:43,356 base.baseclass:32 - https://www.thehindu.com/brandhub/best-washing-machine-in-india/article66258708.ece
[INFO ] 2023-12-18 22:23:43,374 base.baseclass:32 - https://www.thehindu.com/brandhub/best-washing-machine-in-india/article66258708.ece
[INFO ] 2023-12-18 22:23:43,392 base.baseclass:32 - https://www.housebeautiful.com/shopping/home-gadgets/g39560921/best-washing-machine/
[INFO ] 2023-12-18 22:23:43,410 base.baseclass:32 - https://www.housebeautiful.com/shopping/home-gadgets/g39560921/best-washing-machine/
[INFO ] 2023-12-18 22:23:43,430 base.baseclass:32 - https://www.which.co.uk/reviews/washing-machines/article/best-washing-machine-brands-a2Z6T7H782pB
[INFO ] 2023-12-18 22:23:43,453 base.baseclass:32 - https://washingmachinewise.in/best-washing-machine-brands-in-india/
[INFO ] 2023-12-18 22:23:43,476 base.baseclass:32 - https://washingmachinewise.in/best-washing-machine-brands-in-india/
[INFO ] 2023-12-18 22:23:43,498 base.baseclass:32 - https://www.bestproducts.com/appliances/a13938132/reviews-front-and-top-loading-washing-machines/
[INFO ] 2023-12-18 22:23:43,519 base.baseclass:32 - https://www.bestproducts.com/appliances/a13938132/reviews-front-and-top-loading-washing-machines/
[INFO ] 2023-12-18 22:23:43,545 base.baseclass:32 - https://cashkaro.com/blog/best-washing-machines-with-dryer-in-india/226012
[INFO ] 2023-12-18 22:23:43,569 base.baseclass:32 - https://www.tcl.com/in/en/blog/buy-the-best-washing-machine
[INFO ] 2023-12-18 22:23:43,589 base.baseclass:32 - https://www.vijaysales.com/home-appliances/appliances/buy-washing-machines-home-appliances
[INFO ] 2023-12-18 22:23:43,609 base.baseclass:32 - https://www.bijlibachao.com/appliances/best-washing-machine-india-brand-front-top-semi-automatic.html
[INFO ] 2023-12-18 22:23:43,629 base.baseclass:32 - https://www.haier.com/in/washing-machines/
[INFO ] 2023-12-18 22:23:43,652 base.baseclass:32 - https://flipshope.com/blog/best-washing-machine-brands/
[INFO ] 2023-12-18 22:23:43,672 base.baseclass:32 - https://www.trustedreviews.com/best/best-washing-machine-3431783
[INFO ] 2023-12-18 22:23:43,694 base.baseclass:32 - https://www.bajajmall.in/washing-machine
[INFO ] 2023-12-18 22:23:43,713 base.baseclass:32 - https://www.smartprix.com/washing_machines/price-35000_to_40000
[INFO ] 2023-12-18 22:23:43,741 base.baseclass:32 - https://www.bhg.com/best-washing-machines-8404829
[INFO ] 2023-12-18 22:23:43,791 base.baseclass:32 - https://www.samsung.com/in/washers-and-dryers/washing-machines-by-type/front-load/
[INFO ] 2023-12-18 22:23:43,812 base.baseclass:32 - https://gloablebrands.com/best-washing-machine-brands-in-india.html
[INFO ] 2023-12-18 22:23:43,832 base.baseclass:32 - https://www.choice.com.au/home-and-living/laundry-and-cleaning/washing-machines/review-and-compare/washing-machines
[INFO ] 2023-12-18 22:23:43,854 base.baseclass:32 - https://reviewed.usatoday.com/laundry/best-right-now/best-washing-machines-for-large-families
[INFO ] 2023-12-18 22:23:43,874 base.baseclass:32 - https://www.consumeradvise.in/best-washing-machine-in-india/
[INFO ] 2023-12-18 22:23:43,882 base.baseclass:32 - Amazon Links: 2
[INFO ] 2023-12-18 22:23:43,882 base.baseclass:32 - Flipkart Links: 2
[INFO ] 2023-12-18 22:23:46,013 base.baseclass:32 - Amazon.in : Best Washing Machine
[INFO ] 2023-12-18 22:23:46,283 base.baseclass:32 - 1-16 of 803 results for
[INFO ] 2023-12-18 22:23:46,284 base.baseclass:32 - Washing machine are greater than zero at amazon
[INFO ] 2023-12-18 22:23:47,949 base.baseclass:32 - Amazon.in : Best Washing Machine
[INFO ] 2023-12-18 22:23:48,231 base.baseclass:32 - 1-16 of 803 results for
[INFO ] 2023-12-18 22:23:48,232 base.baseclass:32 - Washing machine are greater than zero at amazon
[INFO ] 2023-12-18 22:23:50,239 base.baseclass:32 - Best Washing Machine Under Rs15000 - Buy Best Washing Machine Under Rs15000 Online at Low Prices In India | Flipkart.com
[INFO ] 2023-12-18 22:23:50,449 base.baseclass:32 - (Showing 1 – 24 products of 151 products)
[INFO ] 2023-12-18 22:23:51,966 base.baseclass:32 - Best Washing Machine Under Rs15000 - Buy Best Washing Machine Under Rs15000 Online at Low Prices In India | Flipkart.com
[INFO ] 2023-12-18 22:23:52,145 base.baseclass:32 - (Showing 1 – 24 products of 151 products)
[INFO ] 2023-12-18 22:23:52,145 base.baseclass:41 - Test Stop
